#! /usr/bin/vvp
:ivl_version "12.0 (stable)";
:ivl_delay_selection "TYPICAL";
:vpi_time_precision + 0;
:vpi_module "/usr/lib64/ivl/system.vpi";
:vpi_module "/usr/lib64/ivl/vhdl_sys.vpi";
:vpi_module "/usr/lib64/ivl/vhdl_textio.vpi";
:vpi_module "/usr/lib64/ivl/v2005_math.vpi";
:vpi_module "/usr/lib64/ivl/va_math.vpi";
:vpi_module "/usr/lib64/ivl/v2009.vpi";
S_0x55a60a93c350 .scope package, "$unit" "$unit" 2 1;
 .timescale 0 0;
S_0x55a60a91ceb0 .scope module, "blender_tb" "blender_tb" 3 1;
 .timescale 0 0;
v0x55a60a969a60_0 .var "bg", 31 0;
v0x55a60a969b20_0 .net "div", 7 0, L_0x55a60a980410;  1 drivers
v0x55a60a969bf0_0 .var "fg", 31 0;
v0x55a60a969cf0_0 .net "res", 31 0, L_0x55a60a97fb10;  1 drivers
v0x55a60a969dc0_0 .var "x", 15 0;
S_0x55a60a919240 .scope module, "b" "blender" 3 9, 4 1 0, S_0x55a60a91ceb0;
 .timescale 0 0;
    .port_info 0 /INPUT 32 "fg";
    .port_info 1 /INPUT 32 "bg";
    .port_info 2 /OUTPUT 32 "res";
L_0x55a60a97a580 .functor NOT 8, L_0x55a60a97a4a0, C4<00000000>, C4<00000000>, C4<00000000>;
L_0x55a60a97ae30 .functor NOT 8, L_0x55a60a97b410, C4<00000000>, C4<00000000>, C4<00000000>;
L_0x55a60a97a9b0 .functor NOT 8, L_0x55a60a97c270, C4<00000000>, C4<00000000>, C4<00000000>;
L_0x55a60a97c870 .functor NOT 8, L_0x55a60a97d460, C4<00000000>, C4<00000000>, C4<00000000>;
v0x55a60a964a50_0 .net *"_ivl_1", 7 0, L_0x55a60a969e60;  1 drivers
v0x55a60a964b30_0 .net *"_ivl_100", 15 0, L_0x55a60a97ce80;  1 drivers
L_0x7fb2594883c0 .functor BUFT 1, C4<00000000>, C4<0>, C4<0>, C4<0>;
v0x55a60a964c10_0 .net *"_ivl_103", 7 0, L_0x7fb2594883c0;  1 drivers
v0x55a60a964cd0_0 .net *"_ivl_105", 15 0, L_0x55a60a97cfc0;  1 drivers
v0x55a60a964db0_0 .net *"_ivl_107", 7 0, L_0x55a60a97cd60;  1 drivers
v0x55a60a964e90_0 .net *"_ivl_108", 15 0, L_0x55a60a97d230;  1 drivers
v0x55a60a964f70_0 .net *"_ivl_11", 7 0, L_0x55a60a97a240;  1 drivers
L_0x7fb259488408 .functor BUFT 1, C4<00000000>, C4<0>, C4<0>, C4<0>;
v0x55a60a965050_0 .net *"_ivl_111", 7 0, L_0x7fb259488408;  1 drivers
v0x55a60a965130_0 .net *"_ivl_113", 7 0, L_0x55a60a97d460;  1 drivers
v0x55a60a9652a0_0 .net *"_ivl_114", 7 0, L_0x55a60a97c870;  1 drivers
v0x55a60a965380_0 .net *"_ivl_116", 15 0, L_0x55a60a97d550;  1 drivers
L_0x7fb259488450 .functor BUFT 1, C4<00000000>, C4<0>, C4<0>, C4<0>;
v0x55a60a965460_0 .net *"_ivl_119", 7 0, L_0x7fb259488450;  1 drivers
v0x55a60a965540_0 .net *"_ivl_12", 15 0, L_0x55a60a97a360;  1 drivers
v0x55a60a965620_0 .net *"_ivl_121", 15 0, L_0x55a60a97d7e0;  1 drivers
L_0x7fb2594880a8 .functor BUFT 1, C4<00000000>, C4<0>, C4<0>, C4<0>;
v0x55a60a965700_0 .net *"_ivl_15", 7 0, L_0x7fb2594880a8;  1 drivers
v0x55a60a9657e0_0 .net *"_ivl_17", 7 0, L_0x55a60a97a4a0;  1 drivers
v0x55a60a9658c0_0 .net *"_ivl_18", 7 0, L_0x55a60a97a580;  1 drivers
v0x55a60a9659a0_0 .net *"_ivl_2", 15 0, L_0x55a60a969f80;  1 drivers
v0x55a60a965a80_0 .net *"_ivl_20", 15 0, L_0x55a60a97a640;  1 drivers
L_0x7fb2594880f0 .functor BUFT 1, C4<00000000>, C4<0>, C4<0>, C4<0>;
v0x55a60a965b60_0 .net *"_ivl_23", 7 0, L_0x7fb2594880f0;  1 drivers
v0x55a60a965c40_0 .net *"_ivl_25", 15 0, L_0x55a60a97a780;  1 drivers
v0x55a60a965d20_0 .net *"_ivl_29", 7 0, L_0x55a60a97ab10;  1 drivers
v0x55a60a965e00_0 .net *"_ivl_30", 15 0, L_0x55a60a97aca0;  1 drivers
L_0x7fb259488138 .functor BUFT 1, C4<00000000>, C4<0>, C4<0>, C4<0>;
v0x55a60a965ee0_0 .net *"_ivl_33", 7 0, L_0x7fb259488138;  1 drivers
v0x55a60a965fc0_0 .net *"_ivl_35", 7 0, L_0x55a60a97ad90;  1 drivers
v0x55a60a9660a0_0 .net *"_ivl_36", 15 0, L_0x55a60a97aea0;  1 drivers
L_0x7fb259488180 .functor BUFT 1, C4<00000000>, C4<0>, C4<0>, C4<0>;
v0x55a60a966180_0 .net *"_ivl_39", 7 0, L_0x7fb259488180;  1 drivers
v0x55a60a966260_0 .net *"_ivl_41", 15 0, L_0x55a60a97afe0;  1 drivers
v0x55a60a966340_0 .net *"_ivl_43", 7 0, L_0x55a60a97b1a0;  1 drivers
v0x55a60a966420_0 .net *"_ivl_44", 15 0, L_0x55a60a97b240;  1 drivers
L_0x7fb2594881c8 .functor BUFT 1, C4<00000000>, C4<0>, C4<0>, C4<0>;
v0x55a60a966500_0 .net *"_ivl_47", 7 0, L_0x7fb2594881c8;  1 drivers
v0x55a60a9665e0_0 .net *"_ivl_49", 7 0, L_0x55a60a97b410;  1 drivers
L_0x7fb259488018 .functor BUFT 1, C4<00000000>, C4<0>, C4<0>, C4<0>;
v0x55a60a9666c0_0 .net *"_ivl_5", 7 0, L_0x7fb259488018;  1 drivers
v0x55a60a9667a0_0 .net *"_ivl_50", 7 0, L_0x55a60a97ae30;  1 drivers
v0x55a60a966880_0 .net *"_ivl_52", 15 0, L_0x55a60a97b500;  1 drivers
L_0x7fb259488210 .functor BUFT 1, C4<00000000>, C4<0>, C4<0>, C4<0>;
v0x55a60a966960_0 .net *"_ivl_55", 7 0, L_0x7fb259488210;  1 drivers
v0x55a60a966a40_0 .net *"_ivl_57", 15 0, L_0x55a60a97b6e0;  1 drivers
L_0x7fb259488060 .functor BUFT 1, C4<0000000011111111>, C4<0>, C4<0>, C4<0>;
v0x55a60a966b20_0 .net/2u *"_ivl_6", 15 0, L_0x7fb259488060;  1 drivers
v0x55a60a966c00_0 .net *"_ivl_61", 7 0, L_0x55a60a97b5f0;  1 drivers
v0x55a60a966ce0_0 .net *"_ivl_62", 15 0, L_0x55a60a97ba60;  1 drivers
L_0x7fb259488258 .functor BUFT 1, C4<00000000>, C4<0>, C4<0>, C4<0>;
v0x55a60a966dc0_0 .net *"_ivl_65", 7 0, L_0x7fb259488258;  1 drivers
v0x55a60a966ea0_0 .net *"_ivl_67", 7 0, L_0x55a60a97bc60;  1 drivers
v0x55a60a966f80_0 .net *"_ivl_68", 15 0, L_0x55a60a97bd00;  1 drivers
L_0x7fb2594882a0 .functor BUFT 1, C4<00000000>, C4<0>, C4<0>, C4<0>;
v0x55a60a967060_0 .net *"_ivl_71", 7 0, L_0x7fb2594882a0;  1 drivers
v0x55a60a967140_0 .net *"_ivl_73", 15 0, L_0x55a60a97bec0;  1 drivers
v0x55a60a967220_0 .net *"_ivl_75", 7 0, L_0x55a60a97c000;  1 drivers
v0x55a60a967300_0 .net *"_ivl_76", 15 0, L_0x55a60a97c180;  1 drivers
L_0x7fb2594882e8 .functor BUFT 1, C4<00000000>, C4<0>, C4<0>, C4<0>;
v0x55a60a9673e0_0 .net *"_ivl_79", 7 0, L_0x7fb2594882e8;  1 drivers
v0x55a60a9674c0_0 .net *"_ivl_81", 7 0, L_0x55a60a97c270;  1 drivers
v0x55a60a9675a0_0 .net *"_ivl_82", 7 0, L_0x55a60a97a9b0;  1 drivers
v0x55a60a967680_0 .net *"_ivl_84", 15 0, L_0x55a60a97c450;  1 drivers
L_0x7fb259488330 .functor BUFT 1, C4<00000000>, C4<0>, C4<0>, C4<0>;
v0x55a60a967760_0 .net *"_ivl_87", 7 0, L_0x7fb259488330;  1 drivers
v0x55a60a967840_0 .net *"_ivl_89", 15 0, L_0x55a60a97c590;  1 drivers
v0x55a60a967920_0 .net *"_ivl_9", 15 0, L_0x55a60a97a0d0;  1 drivers
v0x55a60a967a00_0 .net *"_ivl_93", 7 0, L_0x55a60a97c9d0;  1 drivers
v0x55a60a967ae0_0 .net *"_ivl_94", 15 0, L_0x55a60a97cb80;  1 drivers
L_0x7fb259488378 .functor BUFT 1, C4<00000000>, C4<0>, C4<0>, C4<0>;
v0x55a60a967bc0_0 .net *"_ivl_97", 7 0, L_0x7fb259488378;  1 drivers
v0x55a60a967ca0_0 .net *"_ivl_99", 7 0, L_0x55a60a97ccc0;  1 drivers
v0x55a60a967d80_0 .net "alpha_input", 15 0, L_0x55a60a97a910;  1 drivers
v0x55a60a967e40_0 .net "bg", 31 0, v0x55a60a969a60_0;  1 drivers
v0x55a60a967f00_0 .net "blue_input", 15 0, L_0x55a60a97d920;  1 drivers
v0x55a60a967fc0_0 .net "fg", 31 0, v0x55a60a969bf0_0;  1 drivers
v0x55a60a968080_0 .net "green_input", 15 0, L_0x55a60a97c7d0;  1 drivers
v0x55a60a968140_0 .net "red_input", 15 0, L_0x55a60a97b820;  1 drivers
v0x55a60a9681e0_0 .net "res", 31 0, L_0x55a60a97fb10;  alias, 1 drivers
L_0x55a60a969e60 .part v0x55a60a969bf0_0, 0, 8;
L_0x55a60a969f80 .concat [ 8 8 0 0], L_0x55a60a969e60, L_0x7fb259488018;
L_0x55a60a97a0d0 .arith/mult 16, L_0x55a60a969f80, L_0x7fb259488060;
L_0x55a60a97a240 .part v0x55a60a969a60_0, 0, 8;
L_0x55a60a97a360 .concat [ 8 8 0 0], L_0x55a60a97a240, L_0x7fb2594880a8;
L_0x55a60a97a4a0 .part v0x55a60a969bf0_0, 0, 8;
L_0x55a60a97a640 .concat [ 8 8 0 0], L_0x55a60a97a580, L_0x7fb2594880f0;
L_0x55a60a97a780 .arith/mult 16, L_0x55a60a97a360, L_0x55a60a97a640;
L_0x55a60a97a910 .arith/sum 16, L_0x55a60a97a0d0, L_0x55a60a97a780;
L_0x55a60a97ab10 .part v0x55a60a969bf0_0, 24, 8;
L_0x55a60a97aca0 .concat [ 8 8 0 0], L_0x55a60a97ab10, L_0x7fb259488138;
L_0x55a60a97ad90 .part v0x55a60a969bf0_0, 0, 8;
L_0x55a60a97aea0 .concat [ 8 8 0 0], L_0x55a60a97ad90, L_0x7fb259488180;
L_0x55a60a97afe0 .arith/mult 16, L_0x55a60a97aca0, L_0x55a60a97aea0;
L_0x55a60a97b1a0 .part v0x55a60a969a60_0, 24, 8;
L_0x55a60a97b240 .concat [ 8 8 0 0], L_0x55a60a97b1a0, L_0x7fb2594881c8;
L_0x55a60a97b410 .part v0x55a60a969bf0_0, 0, 8;
L_0x55a60a97b500 .concat [ 8 8 0 0], L_0x55a60a97ae30, L_0x7fb259488210;
L_0x55a60a97b6e0 .arith/mult 16, L_0x55a60a97b240, L_0x55a60a97b500;
L_0x55a60a97b820 .arith/sum 16, L_0x55a60a97afe0, L_0x55a60a97b6e0;
L_0x55a60a97b5f0 .part v0x55a60a969bf0_0, 16, 8;
L_0x55a60a97ba60 .concat [ 8 8 0 0], L_0x55a60a97b5f0, L_0x7fb259488258;
L_0x55a60a97bc60 .part v0x55a60a969bf0_0, 0, 8;
L_0x55a60a97bd00 .concat [ 8 8 0 0], L_0x55a60a97bc60, L_0x7fb2594882a0;
L_0x55a60a97bec0 .arith/mult 16, L_0x55a60a97ba60, L_0x55a60a97bd00;
L_0x55a60a97c000 .part v0x55a60a969a60_0, 16, 8;
L_0x55a60a97c180 .concat [ 8 8 0 0], L_0x55a60a97c000, L_0x7fb2594882e8;
L_0x55a60a97c270 .part v0x55a60a969bf0_0, 0, 8;
L_0x55a60a97c450 .concat [ 8 8 0 0], L_0x55a60a97a9b0, L_0x7fb259488330;
L_0x55a60a97c590 .arith/mult 16, L_0x55a60a97c180, L_0x55a60a97c450;
L_0x55a60a97c7d0 .arith/sum 16, L_0x55a60a97bec0, L_0x55a60a97c590;
L_0x55a60a97c9d0 .part v0x55a60a969bf0_0, 8, 8;
L_0x55a60a97cb80 .concat [ 8 8 0 0], L_0x55a60a97c9d0, L_0x7fb259488378;
L_0x55a60a97ccc0 .part v0x55a60a969bf0_0, 0, 8;
L_0x55a60a97ce80 .concat [ 8 8 0 0], L_0x55a60a97ccc0, L_0x7fb2594883c0;
L_0x55a60a97cfc0 .arith/mult 16, L_0x55a60a97cb80, L_0x55a60a97ce80;
L_0x55a60a97cd60 .part v0x55a60a969a60_0, 8, 8;
L_0x55a60a97d230 .concat [ 8 8 0 0], L_0x55a60a97cd60, L_0x7fb259488408;
L_0x55a60a97d460 .part v0x55a60a969bf0_0, 0, 8;
L_0x55a60a97d550 .concat [ 8 8 0 0], L_0x55a60a97c870, L_0x7fb259488450;
L_0x55a60a97d7e0 .arith/mult 16, L_0x55a60a97d230, L_0x55a60a97d550;
L_0x55a60a97d920 .arith/sum 16, L_0x55a60a97cfc0, L_0x55a60a97d7e0;
L_0x55a60a97fb10 .concat8 [ 8 8 8 8], L_0x55a60a97e2b0, L_0x55a60a97fa20, L_0x55a60a97f240, L_0x55a60a97ea60;
S_0x55a60a9155d0 .scope module, "alpha" "div255" 4 13, 4 20 0, S_0x55a60a919240;
 .timescale 0 0;
    .port_info 0 /INPUT 16 "x";
    .port_info 1 /OUTPUT 8 "div";
L_0x7fb259488498 .functor BUFT 1, C4<0000000000000001>, C4<0>, C4<0>, C4<0>;
v0x55a60a93a1d0_0 .net/2u *"_ivl_0", 15 0, L_0x7fb259488498;  1 drivers
v0x55a60a961bd0_0 .net *"_ivl_10", 15 0, L_0x55a60a97df00;  1 drivers
v0x55a60a961cb0_0 .net *"_ivl_12", 15 0, L_0x55a60a97e130;  1 drivers
v0x55a60a961d70_0 .net *"_ivl_14", 7 0, L_0x55a60a97e040;  1 drivers
L_0x7fb259488528 .functor BUFT 1, C4<00000000>, C4<0>, C4<0>, C4<0>;
v0x55a60a961e50_0 .net *"_ivl_16", 7 0, L_0x7fb259488528;  1 drivers
v0x55a60a961f80_0 .net *"_ivl_2", 15 0, L_0x55a60a97dc80;  1 drivers
v0x55a60a962060_0 .net *"_ivl_4", 15 0, L_0x55a60a97de10;  1 drivers
v0x55a60a962140_0 .net *"_ivl_6", 7 0, L_0x55a60a97dd70;  1 drivers
L_0x7fb2594884e0 .functor BUFT 1, C4<00000000>, C4<0>, C4<0>, C4<0>;
v0x55a60a962220_0 .net *"_ivl_8", 7 0, L_0x7fb2594884e0;  1 drivers
v0x55a60a962300_0 .net "div", 7 0, L_0x55a60a97e2b0;  1 drivers
v0x55a60a9623e0_0 .net "x", 15 0, L_0x55a60a97a910;  alias, 1 drivers
L_0x55a60a97dc80 .arith/sum 16, L_0x55a60a97a910, L_0x7fb259488498;
L_0x55a60a97dd70 .part L_0x55a60a97a910, 8, 8;
L_0x55a60a97de10 .concat [ 8 8 0 0], L_0x55a60a97dd70, L_0x7fb2594884e0;
L_0x55a60a97df00 .arith/sum 16, L_0x55a60a97dc80, L_0x55a60a97de10;
L_0x55a60a97e040 .part L_0x55a60a97df00, 8, 8;
L_0x55a60a97e130 .concat [ 8 8 0 0], L_0x55a60a97e040, L_0x7fb259488528;
L_0x55a60a97e2b0 .part L_0x55a60a97e130, 0, 8;
S_0x55a60a962520 .scope module, "blue" "div255" 4 16, 4 20 0, S_0x55a60a919240;
 .timescale 0 0;
    .port_info 0 /INPUT 16 "x";
    .port_info 1 /OUTPUT 8 "div";
L_0x7fb259488720 .functor BUFT 1, C4<0000000000000001>, C4<0>, C4<0>, C4<0>;
v0x55a60a9626b0_0 .net/2u *"_ivl_0", 15 0, L_0x7fb259488720;  1 drivers
v0x55a60a9627b0_0 .net *"_ivl_10", 15 0, L_0x55a60a97f640;  1 drivers
v0x55a60a962890_0 .net *"_ivl_12", 15 0, L_0x55a60a97f8a0;  1 drivers
v0x55a60a962950_0 .net *"_ivl_14", 7 0, L_0x55a60a97f7b0;  1 drivers
L_0x7fb2594887b0 .functor BUFT 1, C4<00000000>, C4<0>, C4<0>, C4<0>;
v0x55a60a962a30_0 .net *"_ivl_16", 7 0, L_0x7fb2594887b0;  1 drivers
v0x55a60a962b60_0 .net *"_ivl_2", 15 0, L_0x55a60a97f330;  1 drivers
v0x55a60a962c40_0 .net *"_ivl_4", 15 0, L_0x55a60a97f550;  1 drivers
v0x55a60a962d20_0 .net *"_ivl_6", 7 0, L_0x55a60a97f420;  1 drivers
L_0x7fb259488768 .functor BUFT 1, C4<00000000>, C4<0>, C4<0>, C4<0>;
v0x55a60a962e00_0 .net *"_ivl_8", 7 0, L_0x7fb259488768;  1 drivers
v0x55a60a962f70_0 .net "div", 7 0, L_0x55a60a97fa20;  1 drivers
v0x55a60a963050_0 .net "x", 15 0, L_0x55a60a97d920;  alias, 1 drivers
L_0x55a60a97f330 .arith/sum 16, L_0x55a60a97d920, L_0x7fb259488720;
L_0x55a60a97f420 .part L_0x55a60a97d920, 8, 8;
L_0x55a60a97f550 .concat [ 8 8 0 0], L_0x55a60a97f420, L_0x7fb259488768;
L_0x55a60a97f640 .arith/sum 16, L_0x55a60a97f330, L_0x55a60a97f550;
L_0x55a60a97f7b0 .part L_0x55a60a97f640, 8, 8;
L_0x55a60a97f8a0 .concat [ 8 8 0 0], L_0x55a60a97f7b0, L_0x7fb2594887b0;
L_0x55a60a97fa20 .part L_0x55a60a97f8a0, 0, 8;
S_0x55a60a963190 .scope module, "green" "div255" 4 15, 4 20 0, S_0x55a60a919240;
 .timescale 0 0;
    .port_info 0 /INPUT 16 "x";
    .port_info 1 /OUTPUT 8 "div";
L_0x7fb259488648 .functor BUFT 1, C4<0000000000000001>, C4<0>, C4<0>, C4<0>;
v0x55a60a963320_0 .net/2u *"_ivl_0", 15 0, L_0x7fb259488648;  1 drivers
v0x55a60a963400_0 .net *"_ivl_10", 15 0, L_0x55a60a97ee60;  1 drivers
v0x55a60a9634e0_0 .net *"_ivl_12", 15 0, L_0x55a60a97f0c0;  1 drivers
v0x55a60a9635a0_0 .net *"_ivl_14", 7 0, L_0x55a60a97efd0;  1 drivers
L_0x7fb2594886d8 .functor BUFT 1, C4<00000000>, C4<0>, C4<0>, C4<0>;
v0x55a60a963680_0 .net *"_ivl_16", 7 0, L_0x7fb2594886d8;  1 drivers
v0x55a60a9637b0_0 .net *"_ivl_2", 15 0, L_0x55a60a97eb50;  1 drivers
v0x55a60a963890_0 .net *"_ivl_4", 15 0, L_0x55a60a97ed70;  1 drivers
v0x55a60a963970_0 .net *"_ivl_6", 7 0, L_0x55a60a97ec40;  1 drivers
L_0x7fb259488690 .functor BUFT 1, C4<00000000>, C4<0>, C4<0>, C4<0>;
v0x55a60a963a50_0 .net *"_ivl_8", 7 0, L_0x7fb259488690;  1 drivers
v0x55a60a963bc0_0 .net "div", 7 0, L_0x55a60a97f240;  1 drivers
v0x55a60a963ca0_0 .net "x", 15 0, L_0x55a60a97c7d0;  alias, 1 drivers
L_0x55a60a97eb50 .arith/sum 16, L_0x55a60a97c7d0, L_0x7fb259488648;
L_0x55a60a97ec40 .part L_0x55a60a97c7d0, 8, 8;
L_0x55a60a97ed70 .concat [ 8 8 0 0], L_0x55a60a97ec40, L_0x7fb259488690;
L_0x55a60a97ee60 .arith/sum 16, L_0x55a60a97eb50, L_0x55a60a97ed70;
L_0x55a60a97efd0 .part L_0x55a60a97ee60, 8, 8;
L_0x55a60a97f0c0 .concat [ 8 8 0 0], L_0x55a60a97efd0, L_0x7fb2594886d8;
L_0x55a60a97f240 .part L_0x55a60a97f0c0, 0, 8;
S_0x55a60a963de0 .scope module, "red" "div255" 4 14, 4 20 0, S_0x55a60a919240;
 .timescale 0 0;
    .port_info 0 /INPUT 16 "x";
    .port_info 1 /OUTPUT 8 "div";
L_0x7fb259488570 .functor BUFT 1, C4<0000000000000001>, C4<0>, C4<0>, C4<0>;
v0x55a60a963f70_0 .net/2u *"_ivl_0", 15 0, L_0x7fb259488570;  1 drivers
v0x55a60a964070_0 .net *"_ivl_10", 15 0, L_0x55a60a97e6b0;  1 drivers
v0x55a60a964150_0 .net *"_ivl_12", 15 0, L_0x55a60a97e8e0;  1 drivers
v0x55a60a964210_0 .net *"_ivl_14", 7 0, L_0x55a60a97e7f0;  1 drivers
L_0x7fb259488600 .functor BUFT 1, C4<00000000>, C4<0>, C4<0>, C4<0>;
v0x55a60a9642f0_0 .net *"_ivl_16", 7 0, L_0x7fb259488600;  1 drivers
v0x55a60a964420_0 .net *"_ivl_2", 15 0, L_0x55a60a97e3a0;  1 drivers
v0x55a60a964500_0 .net *"_ivl_4", 15 0, L_0x55a60a97e5c0;  1 drivers
v0x55a60a9645e0_0 .net *"_ivl_6", 7 0, L_0x55a60a97e490;  1 drivers
L_0x7fb2594885b8 .functor BUFT 1, C4<00000000>, C4<0>, C4<0>, C4<0>;
v0x55a60a9646c0_0 .net *"_ivl_8", 7 0, L_0x7fb2594885b8;  1 drivers
v0x55a60a964830_0 .net "div", 7 0, L_0x55a60a97ea60;  1 drivers
v0x55a60a964910_0 .net "x", 15 0, L_0x55a60a97b820;  alias, 1 drivers
L_0x55a60a97e3a0 .arith/sum 16, L_0x55a60a97b820, L_0x7fb259488570;
L_0x55a60a97e490 .part L_0x55a60a97b820, 8, 8;
L_0x55a60a97e5c0 .concat [ 8 8 0 0], L_0x55a60a97e490, L_0x7fb2594885b8;
L_0x55a60a97e6b0 .arith/sum 16, L_0x55a60a97e3a0, L_0x55a60a97e5c0;
L_0x55a60a97e7f0 .part L_0x55a60a97e6b0, 8, 8;
L_0x55a60a97e8e0 .concat [ 8 8 0 0], L_0x55a60a97e7f0, L_0x7fb259488600;
L_0x55a60a97ea60 .part L_0x55a60a97e8e0, 0, 8;
S_0x55a60a968730 .scope task, "check_blend" "check_blend" 3 13, 3 13 0, S_0x55a60a91ceb0;
 .timescale 0 0;
v0x55a60a9688c0_0 .var "b", 31 0;
v0x55a60a9689a0_0 .var/str "desc";
v0x55a60a968a60_0 .var "f", 31 0;
TD_blender_tb.check_blend ;
    %load/vec4 v0x55a60a968a60_0;
    %store/vec4 v0x55a60a969bf0_0, 0, 32;
    %load/vec4 v0x55a60a9688c0_0;
    %store/vec4 v0x55a60a969a60_0, 0, 32;
    %delay 10, 0;
    %vpi_call/w 3 18 "$display", "%s | FG: %H, BG: %H, Result: %H", v0x55a60a9689a0_0, v0x55a60a969bf0_0, v0x55a60a969a60_0, v0x55a60a969cf0_0 {0 0 0};
    %end;
S_0x55a60a968b20 .scope task, "check_divider" "check_divider" 3 22, 3 22 0, S_0x55a60a91ceb0;
 .timescale 0 0;
v0x55a60a968d00_0 .var "in", 15 0;
TD_blender_tb.check_divider ;
    %load/vec4 v0x55a60a968d00_0;
    %store/vec4 v0x55a60a969dc0_0, 0, 16;
    %delay 10, 0;
    %vpi_call/w 3 26 "$display", "X: %d, X/255: %d", v0x55a60a969dc0_0, v0x55a60a969b20_0 {0 0 0};
    %end;
S_0x55a60a968de0 .scope module, "d" "div255" 3 10, 4 20 0, S_0x55a60a91ceb0;
 .timescale 0 0;
    .port_info 0 /INPUT 16 "x";
    .port_info 1 /OUTPUT 8 "div";
L_0x7fb2594887f8 .functor BUFT 1, C4<0000000000000001>, C4<0>, C4<0>, C4<0>;
v0x55a60a968fe0_0 .net/2u *"_ivl_0", 15 0, L_0x7fb2594887f8;  1 drivers
v0x55a60a9690e0_0 .net *"_ivl_10", 15 0, L_0x55a60a980060;  1 drivers
v0x55a60a9691c0_0 .net *"_ivl_12", 15 0, L_0x55a60a980290;  1 drivers
v0x55a60a9692b0_0 .net *"_ivl_14", 7 0, L_0x55a60a9801a0;  1 drivers
L_0x7fb259488888 .functor BUFT 1, C4<00000000>, C4<0>, C4<0>, C4<0>;
v0x55a60a969390_0 .net *"_ivl_16", 7 0, L_0x7fb259488888;  1 drivers
v0x55a60a9694c0_0 .net *"_ivl_2", 15 0, L_0x55a60a97fd40;  1 drivers
v0x55a60a9695a0_0 .net *"_ivl_4", 15 0, L_0x55a60a97ff20;  1 drivers
v0x55a60a969680_0 .net *"_ivl_6", 7 0, L_0x55a60a97fe80;  1 drivers
L_0x7fb259488840 .functor BUFT 1, C4<00000000>, C4<0>, C4<0>, C4<0>;
v0x55a60a969760_0 .net *"_ivl_8", 7 0, L_0x7fb259488840;  1 drivers
v0x55a60a969840_0 .net "div", 7 0, L_0x55a60a980410;  alias, 1 drivers
v0x55a60a969920_0 .net "x", 15 0, v0x55a60a969dc0_0;  1 drivers
L_0x55a60a97fd40 .arith/sum 16, v0x55a60a969dc0_0, L_0x7fb2594887f8;
L_0x55a60a97fe80 .part v0x55a60a969dc0_0, 8, 8;
L_0x55a60a97ff20 .concat [ 8 8 0 0], L_0x55a60a97fe80, L_0x7fb259488840;
L_0x55a60a980060 .arith/sum 16, L_0x55a60a97fd40, L_0x55a60a97ff20;
L_0x55a60a9801a0 .part L_0x55a60a980060, 8, 8;
L_0x55a60a980290 .concat [ 8 8 0 0], L_0x55a60a9801a0, L_0x7fb259488888;
L_0x55a60a980410 .part L_0x55a60a980290, 0, 8;
    .scope S_0x55a60a91ceb0;
T_2 ;
    %vpi_call/w 3 31 "$display", "Starting 10 division tests" {0 0 0};
    %pushi/vec4 0, 0, 16;
    %store/vec4 v0x55a60a968d00_0, 0, 16;
    %fork TD_blender_tb.check_divider, S_0x55a60a968b20;
    %join;
    %pushi/vec4 100, 0, 16;
    %store/vec4 v0x55a60a968d00_0, 0, 16;
    %fork TD_blender_tb.check_divider, S_0x55a60a968b20;
    %join;
    %pushi/vec4 254, 0, 16;
    %store/vec4 v0x55a60a968d00_0, 0, 16;
    %fork TD_blender_tb.check_divider, S_0x55a60a968b20;
    %join;
    %pushi/vec4 255, 0, 16;
    %store/vec4 v0x55a60a968d00_0, 0, 16;
    %fork TD_blender_tb.check_divider, S_0x55a60a968b20;
    %join;
    %pushi/vec4 256, 0, 16;
    %store/vec4 v0x55a60a968d00_0, 0, 16;
    %fork TD_blender_tb.check_divider, S_0x55a60a968b20;
    %join;
    %pushi/vec4 510, 0, 16;
    %store/vec4 v0x55a60a968d00_0, 0, 16;
    %fork TD_blender_tb.check_divider, S_0x55a60a968b20;
    %join;
    %pushi/vec4 65025, 0, 16;
    %store/vec4 v0x55a60a968d00_0, 0, 16;
    %fork TD_blender_tb.check_divider, S_0x55a60a968b20;
    %join;
    %pushi/vec4 10000, 0, 16;
    %store/vec4 v0x55a60a968d00_0, 0, 16;
    %fork TD_blender_tb.check_divider, S_0x55a60a968b20;
    %join;
    %pushi/vec4 1100, 0, 16;
    %store/vec4 v0x55a60a968d00_0, 0, 16;
    %fork TD_blender_tb.check_divider, S_0x55a60a968b20;
    %join;
    %pushi/vec4 50000, 0, 16;
    %store/vec4 v0x55a60a968d00_0, 0, 16;
    %fork TD_blender_tb.check_divider, S_0x55a60a968b20;
    %join;
    %vpi_call/w 3 44 "$display", "Division Tests over" {0 0 0};
    %vpi_call/w 3 45 "$display", "Starting 10 blending tests" {0 0 0};
    %pushi/vec4 4278190080, 0, 32;
    %store/vec4 v0x55a60a968a60_0, 0, 32;
    %pushi/vec4 16711935, 0, 32;
    %store/vec4 v0x55a60a9688c0_0, 0, 32;
    %pushi/str "T1 (FG Transp) ";
    %store/str v0x55a60a9689a0_0;
    %fork TD_blender_tb.check_blend, S_0x55a60a968730;
    %join;
    %pushi/vec4 4278190335, 0, 32;
    %store/vec4 v0x55a60a968a60_0, 0, 32;
    %pushi/vec4 16711935, 0, 32;
    %store/vec4 v0x55a60a9688c0_0, 0, 32;
    %pushi/str "T2 (FG Opaque) ";
    %store/str v0x55a60a9689a0_0;
    %fork TD_blender_tb.check_blend, S_0x55a60a968730;
    %join;
    %pushi/vec4 4294967168, 0, 32;
    %store/vec4 v0x55a60a968a60_0, 0, 32;
    %pushi/vec4 255, 0, 32;
    %store/vec4 v0x55a60a9688c0_0, 0, 32;
    %pushi/str "T3 (50% White) ";
    %store/str v0x55a60a9689a0_0;
    %fork TD_blender_tb.check_blend, S_0x55a60a968730;
    %join;
    %pushi/vec4 255, 0, 32;
    %store/vec4 v0x55a60a968a60_0, 0, 32;
    %pushi/vec4 4294967295, 0, 32;
    %store/vec4 v0x55a60a9688c0_0, 0, 32;
    %pushi/str "T4 (Black/White)";
    %store/str v0x55a60a9689a0_0;
    %fork TD_blender_tb.check_blend, S_0x55a60a968730;
    %join;
    %pushi/vec4 128, 0, 32;
    %store/vec4 v0x55a60a968a60_0, 0, 32;
    %pushi/vec4 128, 0, 32;
    %store/vec4 v0x55a60a9688c0_0, 0, 32;
    %pushi/str "T5 (Alpha Layer)";
    %store/str v0x55a60a9689a0_0;
    %fork TD_blender_tb.check_blend, S_0x55a60a968730;
    %join;
    %pushi/vec4 4294967167, 0, 32;
    %store/vec4 v0x55a60a968a60_0, 0, 32;
    %pushi/vec4 4294967167, 0, 32;
    %store/vec4 v0x55a60a9688c0_0, 0, 32;
    %pushi/str "T6 (White/White)";
    %store/str v0x55a60a9689a0_0;
    %fork TD_blender_tb.check_blend, S_0x55a60a968730;
    %join;
    %pushi/vec4 0, 0, 32;
    %store/vec4 v0x55a60a968a60_0, 0, 32;
    %pushi/vec4 0, 0, 32;
    %store/vec4 v0x55a60a9688c0_0, 0, 32;
    %pushi/str "T7 (All Zeros)  ";
    %store/str v0x55a60a9689a0_0;
    %fork TD_blender_tb.check_blend, S_0x55a60a968730;
    %join;
    %pushi/vec4 4278190208, 0, 32;
    %store/vec4 v0x55a60a968a60_0, 0, 32;
    %pushi/vec4 65535, 0, 32;
    %store/vec4 v0x55a60a9688c0_0, 0, 32;
    %pushi/str "T8 (Red/Blue)   ";
    %store/str v0x55a60a9689a0_0;
    %fork TD_blender_tb.check_blend, S_0x55a60a968730;
    %join;
    %pushi/vec4 16711808, 0, 32;
    %store/vec4 v0x55a60a968a60_0, 0, 32;
    %pushi/vec4 4278190335, 0, 32;
    %store/vec4 v0x55a60a9688c0_0, 0, 32;
    %pushi/str "T9 (Green/Red)  ";
    %store/str v0x55a60a9689a0_0;
    %fork TD_blender_tb.check_blend, S_0x55a60a968730;
    %join;
    %pushi/vec4 4278124286, 0, 32;
    %store/vec4 v0x55a60a968a60_0, 0, 32;
    %pushi/vec4 16843009, 0, 32;
    %store/vec4 v0x55a60a9688c0_0, 0, 32;
    %pushi/str "T10(Max Stress) ";
    %store/str v0x55a60a9689a0_0;
    %fork TD_blender_tb.check_blend, S_0x55a60a968730;
    %join;
    %vpi_call/w 3 58 "$display", "Blending Tests over" {0 0 0};
    %vpi_call/w 3 59 "$stop" {0 0 0};
    %end;
    .thread T_2;
# The file index is used to find the file name in the following table.
:file_names 5;
    "N/A";
    "<interactive>";
    "-";
    "blender_tb.sv";
    "blender.sv";
